[08:15:03] [Server thread/INFO]: Starting minecraft server version 1.12.2
[08:15:03] [Server thread/INFO]: Loading properties
[08:15:03] [Server thread/INFO]: Default game type: SURVIVAL
[08:15:03] [Server thread/INFO]: Generating keypair
[08:15:03] [Server thread/INFO]: Starting Minecraft server on *:25565
[08:15:03] [Server thread/INFO]: Using epoll channel type
[08:15:03] [Server thread/WARN]: **** SERVER IS RUNNING IN OFFLINE/INSECURE MODE!
[08:15:03] [Server thread/WARN]: The server will make no attempt to authenticate usernames. Beware.
[08:15:03] [Server thread/WARN]: While this makes the game possible to play without internet access, it also opens up the ability for hackers to connect with any username they choose.
[08:15:03] [Server thread/WARN]: To change this, set "online-mode" to "true" in the server.properties file.
[08:15:04] [Server thread/INFO]: Preparing level "world"
[08:15:04] [Server thread/INFO]: Loaded 488 advancements
[08:15:04] [Server thread/INFO]: Preparing start region for level 0
[08:15:06] [Server thread/INFO]: Preparing spawn area: 0%
[08:15:07] [Server thread/INFO]: Preparing spawn area: 12%
[08:15:08] [Server thread/INFO]: Preparing spawn area: 36%
[08:15:09] [Server thread/INFO]: Preparing spawn area: 73%
[08:15:10] [Server thread/INFO]: Preparing spawn area: 97%
[08:15:10] [Server thread/INFO]: Done (6.154s)! For help, type "help" or "?"
[08:15:55] [Server thread/INFO]: songzhanlong[/172.17.0.1:56328] logged in with entity id 154 at (84.69593069705205, 92.0, -300.32419802266185)
[08:15:55] [Server thread/INFO]: songzhanlong joined the game
[08:16:00] [Server thread/WARN]: Can't keep up! Did the system time change, or is the server overloaded? Running 5849ms behind, skipping 116 tick(s)
[08:16:36] [Server thread/WARN]: Can't keep up! Did the system time change, or is the server overloaded? Running 16495ms behind, skipping 329 tick(s)
[08:17:01] [Server thread/WARN]: Can't keep up! Did the system time change, or is the server overloaded? Running 3055ms behind, skipping 61 tick(s)
[08:17:49] [Server thread/WARN]: Can't keep up! Did the system time change, or is the server overloaded? Running 4712ms behind, skipping 94 tick(s)
[08:18:35] [Server thread/WARN]: Can't keep up! Did the system time change, or is the server overloaded? Running 3192ms behind, skipping 63 tick(s)
[08:19:20] [Server thread/WARN]: Can't keep up! Did the system time change, or is the server overloaded? Running 2196ms behind, skipping 43 tick(s)
[08:21:40] [Server thread/WARN]: Can't keep up! Did the system time change, or is the server overloaded? Running 6559ms behind, skipping 131 tick(s)
[08:22:25] [Server thread/WARN]: Can't keep up! Did the system time change, or is the server overloaded? Running 2212ms behind, skipping 44 tick(s)
[08:23:11] [Server thread/WARN]: Can't keep up! Did the system time change, or is the server overloaded? Running 3014ms behind, skipping 60 tick(s)
[08:24:41] [Server thread/WARN]: Can't keep up! Did the system time change, or is the server overloaded? Running 2314ms behind, skipping 46 tick(s)
[08:25:27] [Server thread/WARN]: Can't keep up! Did the system time change, or is the server overloaded? Running 2183ms behind, skipping 43 tick(s)
[08:26:57] [Server thread/WARN]: Can't keep up! Did the system time change, or is the server overloaded? Running 2098ms behind, skipping 41 tick(s)
[08:27:43] [Server thread/WARN]: Can't keep up! Did the system time change, or is the server overloaded? Running 3016ms behind, skipping 60 tick(s)
[08:28:28] [Server thread/WARN]: Can't keep up! Did the system time change, or is the server overloaded? Running 2099ms behind, skipping 41 tick(s)
[08:32:58] [Server thread/WARN]: Can't keep up! Did the system time change, or is the server overloaded? Running 2646ms behind, skipping 52 tick(s)
[08:34:29] [Server thread/WARN]: Can't keep up! Did the system time change, or is the server overloaded? Running 2411ms behind, skipping 48 tick(s)
[08:35:14] [Server thread/WARN]: Can't keep up! Did the system time change, or is the server overloaded? Running 2156ms behind, skipping 43 tick(s)
[08:35:59] [Server thread/WARN]: Can't keep up! Did the system time change, or is the server overloaded? Running 2055ms behind, skipping 41 tick(s)
[08:36:44] [Server thread/WARN]: Can't keep up! Did the system time change, or is the server overloaded? Running 2286ms behind, skipping 45 tick(s)
[08:37:30] [Server thread/WARN]: Can't keep up! Did the system time change, or is the server overloaded? Running 2291ms behind, skipping 45 tick(s)
[08:38:15] [Server thread/WARN]: Can't keep up! Did the system time change, or is the server overloaded? Running 2333ms behind, skipping 46 tick(s)
[08:39:00] [Server thread/WARN]: Can't keep up! Did the system time change, or is the server overloaded? Running 2181ms behind, skipping 43 tick(s)
[08:39:45] [Server thread/WARN]: Can't keep up! Did the system time change, or is the server overloaded? Running 2098ms behind, skipping 41 tick(s)
[08:40:31] [Server thread/WARN]: Can't keep up! Did the system time change, or is the server overloaded? Running 2376ms behind, skipping 47 tick(s)
[08:41:16] [Server thread/WARN]: Can't keep up! Did the system time change, or is the server overloaded? Running 2139ms behind, skipping 42 tick(s)
[08:42:01] [Server thread/WARN]: Can't keep up! Did the system time change, or is the server overloaded? Running 2136ms behind, skipping 42 tick(s)
[08:45:01] [Server thread/WARN]: Can't keep up! Did the system time change, or is the server overloaded? Running 2150ms behind, skipping 43 tick(s)
[08:45:46] [Server thread/WARN]: Can't keep up! Did the system time change, or is the server overloaded? Running 2178ms behind, skipping 43 tick(s)
[08:46:32] [Server thread/WARN]: Can't keep up! Did the system time change, or is the server overloaded? Running 2731ms behind, skipping 54 tick(s)
[08:47:17] [Server thread/WARN]: Can't keep up! Did the system time change, or is the server overloaded? Running 2022ms behind, skipping 40 tick(s)
[08:48:03] [Server thread/WARN]: Can't keep up! Did the system time change, or is the server overloaded? Running 2656ms behind, skipping 53 tick(s)
[08:49:33] [Server thread/WARN]: Can't keep up! Did the system time change, or is the server overloaded? Running 2427ms behind, skipping 48 tick(s)
[08:50:18] [Server thread/WARN]: Can't keep up! Did the system time change, or is the server overloaded? Running 2305ms behind, skipping 46 tick(s)
[08:51:48] [Server thread/WARN]: Can't keep up! Did the system time change, or is the server overloaded? Running 2071ms behind, skipping 41 tick(s)
[08:52:34] [Server thread/WARN]: Can't keep up! Did the system time change, or is the server overloaded? Running 2723ms behind, skipping 54 tick(s)
[08:53:19] [Server thread/WARN]: Can't keep up! Did the system time change, or is the server overloaded? Running 2085ms behind, skipping 41 tick(s)
[08:54:05] [Server thread/WARN]: Can't keep up! Did the system time change, or is the server overloaded? Running 2294ms behind, skipping 45 tick(s)
[08:54:50] [Server thread/WARN]: Can't keep up! Did the system time change, or is the server overloaded? Running 2369ms behind, skipping 47 tick(s)
[08:55:35] [Server thread/WARN]: Can't keep up! Did the system time change, or is the server overloaded? Running 2376ms behind, skipping 47 tick(s)
[08:56:20] [Server thread/WARN]: Can't keep up! Did the system time change, or is the server overloaded? Running 2046ms behind, skipping 40 tick(s)
[08:57:05] [Server thread/WARN]: Can't keep up! Did the system time change, or is the server overloaded? Running 2083ms behind, skipping 41 tick(s)
[08:57:51] [Server thread/WARN]: Can't keep up! Did the system time change, or is the server overloaded? Running 2245ms behind, skipping 44 tick(s)
[08:58:36] [Server thread/WARN]: Can't keep up! Did the system time change, or is the server overloaded? Running 2379ms behind, skipping 47 tick(s)
[08:59:21] [Server thread/WARN]: Can't keep up! Did the system time change, or is the server overloaded? Running 2163ms behind, skipping 43 tick(s)
[08:59:37] [Server thread/INFO]: songzhanlong lost connection: Disconnected
[08:59:37] [Server thread/INFO]: songzhanlong left the game
[08:59:40] [Server thread/WARN]: Can't keep up! Did the system time change, or is the server overloaded? Running 3203ms behind, skipping 64 tick(s)
